<?xml version="1.0" encoding="UTF-8"?>
<robot generator="Robot 3.2.2 (Python 3.9.0 on win32)" generated="20201203 19:31:49.190" rpa="false">
<suite id="s1" name="Tests" source="C:\Projetos\SuiteLoginPageTeste\tests">
<suite id="s1-s1" name="loginPageTest" source="C:\Projetos\SuiteLoginPageTeste\tests\loginPageTest.robot">
<test id="s1-s1-t1" name=" Cenário 1: Login com sucesso">
<kw name="Abrir homepage" library="Resource" type="setup">
<kw name="Open Browser" library="SeleniumLibrary">
<doc>Opens a new browser instance to the optional ``url``.</doc>
<arguments>
<arg>${URL}</arg>
<arg>${BROWSER}</arg>
</arguments>
<msg timestamp="20201203 19:31:49.432" level="INFO">Opening browser 'chrome' to base url 'https://the-internet.herokuapp.com/'.</msg>
<status status="PASS" starttime="20201203 19:31:49.432" endtime="20201203 19:31:54.577"></status>
</kw>
<status status="PASS" starttime="20201203 19:31:49.431" endtime="20201203 19:31:54.577"></status>
</kw>
<kw name="Dado que estou na homepage">
<kw name="Verificar se estou na homepage" library="Resource">
<kw name="Page Should Contain Element" library="SeleniumLibrary">
<doc>Verifies that element ``locator`` is found on the current page.</doc>
<arguments>
<arg>class:heading</arg>
</arguments>
<msg timestamp="20201203 19:31:54.596" level="INFO">Current page contains element 'class:heading'.</msg>
<status status="PASS" starttime="20201203 19:31:54.580" endtime="20201203 19:31:54.596"></status>
</kw>
<kw name="Page Should Contain" library="SeleniumLibrary">
<doc>Verifies that current page contains ``text``.</doc>
<arguments>
<arg>Welcome to the-internet</arg>
</arguments>
<msg timestamp="20201203 19:31:54.615" level="INFO">Current page contains text 'Welcome to the-internet'.</msg>
<status status="PASS" starttime="20201203 19:31:54.596" endtime="20201203 19:31:54.615"></status>
</kw>
<status status="PASS" starttime="20201203 19:31:54.579" endtime="20201203 19:31:54.615"></status>
</kw>
<status status="PASS" starttime="20201203 19:31:54.578" endtime="20201203 19:31:54.615"></status>
</kw>
<kw name="Quando eu clicar no link Form Authentication">
<kw name="Clicar no link ${FORM_AUTHENTICATION}" library="Resource">
<kw name="Click Link" library="SeleniumLibrary">
<doc>Clicks a link identified by ``locator``.</doc>
<arguments>
<arg>link:${FORM_AUTHENTICATION}</arg>
</arguments>
<msg timestamp="20201203 19:31:54.617" level="INFO">Clicking link 'link:Form Authentication'.</msg>
<status status="PASS" starttime="20201203 19:31:54.616" endtime="20201203 19:31:55.050"></status>
</kw>
<status status="PASS" starttime="20201203 19:31:54.616" endtime="20201203 19:31:55.051"></status>
</kw>
<status status="PASS" starttime="20201203 19:31:54.616" endtime="20201203 19:31:55.051"></status>
</kw>
<kw name="Então a página de login é carregada">
<kw name="Verificar se estou na página de Login" library="Resource">
<kw name="Page Should Contain" library="SeleniumLibrary">
<doc>Verifies that current page contains ``text``.</doc>
<arguments>
<arg>Login Page</arg>
</arguments>
<msg timestamp="20201203 19:31:55.071" level="INFO">Current page contains text 'Login Page'.</msg>
<status status="PASS" starttime="20201203 19:31:55.053" endtime="20201203 19:31:55.072"></status>
</kw>
<status status="PASS" starttime="20201203 19:31:55.053" endtime="20201203 19:31:55.072"></status>
</kw>
<status status="PASS" starttime="20201203 19:31:55.052" endtime="20201203 19:31:55.072"></status>
</kw>
<kw name="Quando eu inserir email e senha">
<kw name="Inserir email e senha" library="Resource">
<kw name="Input Text" library="SeleniumLibrary">
<doc>Types the given ``text`` into the text field identified by ``locator``.</doc>
<arguments>
<arg>id:username</arg>
<arg>tomsmith</arg>
</arguments>
<msg timestamp="20201203 19:31:55.073" level="INFO">Typing text 'tomsmith' into text field 'id:username'.</msg>
<status status="PASS" starttime="20201203 19:31:55.073" endtime="20201203 19:31:55.171"></status>
</kw>
<kw name="Input Password" library="SeleniumLibrary">
<doc>Types the given password into the text field identified by ``locator``.</doc>
<arguments>
<arg>id:password</arg>
<arg>SuperSecretPassword!</arg>
</arguments>
<msg timestamp="20201203 19:31:55.172" level="INFO">Typing password into text field 'id:password'.</msg>
<msg timestamp="20201203 19:31:55.214" level="INFO">Temporally setting log level to: NONE</msg>
<msg timestamp="20201203 19:31:55.277" level="INFO">Log level changed from NONE to INFO.</msg>
<status status="PASS" starttime="20201203 19:31:55.172" endtime="20201203 19:31:55.277"></status>
</kw>
<status status="PASS" starttime="20201203 19:31:55.073" endtime="20201203 19:31:55.277"></status>
</kw>
<status status="PASS" starttime="20201203 19:31:55.072" endtime="20201203 19:31:55.277"></status>
</kw>
<kw name="E clicar no botão login">
<kw name="Clicar no botão Login" library="Resource">
<kw name="Click Element" library="SeleniumLibrary">
<doc>Click the element identified by ``locator``.</doc>
<arguments>
<arg>class:radius</arg>
</arguments>
<msg timestamp="20201203 19:31:55.278" level="INFO">Clicking element 'class:radius'.</msg>
<status status="PASS" starttime="20201203 19:31:55.278" endtime="20201203 19:31:55.632"></status>
</kw>
<status status="PASS" starttime="20201203 19:31:55.278" endtime="20201203 19:31:55.632"></status>
</kw>
<status status="PASS" starttime="20201203 19:31:55.277" endtime="20201203 19:31:55.632"></status>
</kw>
<kw name="Então o login é realizado com sucesso">
<kw name="Verificar página de login com sucesso" library="Resource">
<kw name="Page Should Contain" library="SeleniumLibrary">
<doc>Verifies that current page contains ``text``.</doc>
<arguments>
<arg>You logged into a secure area!</arg>
</arguments>
<msg timestamp="20201203 19:31:55.649" level="INFO">Current page contains text 'You logged into a secure area!'.</msg>
<status status="PASS" starttime="20201203 19:31:55.633" endtime="20201203 19:31:55.649"></status>
</kw>
<status status="PASS" starttime="20201203 19:31:55.633" endtime="20201203 19:31:55.650"></status>
</kw>
<status status="PASS" starttime="20201203 19:31:55.633" endtime="20201203 19:31:55.650"></status>
</kw>
<kw name="Fechar navegador" library="Resource" type="teardown">
<kw name="Close Browser" library="SeleniumLibrary">
<doc>Closes the current browser.</doc>
<status status="PASS" starttime="20201203 19:31:55.651" endtime="20201203 19:31:57.808"></status>
</kw>
<status status="PASS" starttime="20201203 19:31:55.650" endtime="20201203 19:31:57.808"></status>
</kw>
<status status="PASS" starttime="20201203 19:31:49.429" endtime="20201203 19:31:57.809" critical="yes"></status>
</test>
<status status="PASS" starttime="20201203 19:31:49.216" endtime="20201203 19:31:57.810"></status>
</suite>
<status status="PASS" starttime="20201203 19:31:49.191" endtime="20201203 19:31:57.813"></status>
</suite>
<statistics>
<total>
<stat pass="1" fail="0">Critical Tests</stat>
<stat pass="1" fail="0">All Tests</stat>
</total>
<tag>
</tag>
<suite>
<stat pass="1" fail="0" id="s1" name="Tests">Tests</stat>
<stat pass="1" fail="0" id="s1-s1" name="loginPageTest">Tests.loginPageTest</stat>
</suite>
</statistics>
<errors>
</errors>
</robot>
