<?xml version="1.0" encoding="UTF-8"?>
<robot generator="Robot 3.2.2 (Python 3.9.0 on win32)" generated="20201204 14:48:19.997" rpa="false">
<suite id="s1" name="horizontalSliderTest" source="C:\Projetos\SuiteLoginPageTeste\tests\horizontalSliderTest.robot">
<test id="s1-t1" name="Cenário 1: Mova o controle deslizante até a posição 8">
<kw name="Abrir homepage" library="Resource" type="setup">
<kw name="Open Browser" library="SeleniumLibrary">
<doc>Opens a new browser instance to the optional ``url``.</doc>
<arguments>
<arg>${URL}</arg>
<arg>${BROWSER}</arg>
</arguments>
<msg timestamp="20201204 14:48:20.247" level="INFO">Opening browser 'chrome' to base url 'https://the-internet.herokuapp.com/'.</msg>
<status status="PASS" starttime="20201204 14:48:20.247" endtime="20201204 14:48:25.946"></status>
</kw>
<status status="PASS" starttime="20201204 14:48:20.246" endtime="20201204 14:48:25.947"></status>
</kw>
<kw name="Dado que estou na homepage">
<kw name="Verificar se estou na homepage" library="Resource">
<kw name="Page Should Contain Element" library="SeleniumLibrary">
<doc>Verifies that element ``locator`` is found on the current page.</doc>
<arguments>
<arg>class:heading</arg>
</arguments>
<msg timestamp="20201204 14:48:25.963" level="INFO">Current page contains element 'class:heading'.</msg>
<status status="PASS" starttime="20201204 14:48:25.948" endtime="20201204 14:48:25.963"></status>
</kw>
<kw name="Page Should Contain" library="SeleniumLibrary">
<doc>Verifies that current page contains ``text``.</doc>
<arguments>
<arg>Welcome to the-internet</arg>
</arguments>
<msg timestamp="20201204 14:48:25.982" level="INFO">Current page contains text 'Welcome to the-internet'.</msg>
<status status="PASS" starttime="20201204 14:48:25.963" endtime="20201204 14:48:25.982"></status>
</kw>
<status status="PASS" starttime="20201204 14:48:25.948" endtime="20201204 14:48:25.982"></status>
</kw>
<status status="PASS" starttime="20201204 14:48:25.947" endtime="20201204 14:48:25.982"></status>
</kw>
<kw name="Quando eu clicar no link Horizontal Slider">
<kw name="Clicar no link ${LINK_PAGE}" library="Resource">
<kw name="Click Link" library="SeleniumLibrary">
<doc>Clicks a link identified by ``locator``.</doc>
<arguments>
<arg>link:${LINK_PAGE}</arg>
</arguments>
<msg timestamp="20201204 14:48:25.983" level="INFO">Clicking link 'link:Horizontal Slider'.</msg>
<status status="PASS" starttime="20201204 14:48:25.983" endtime="20201204 14:48:26.272"></status>
</kw>
<status status="PASS" starttime="20201204 14:48:25.983" endtime="20201204 14:48:26.272"></status>
</kw>
<status status="PASS" starttime="20201204 14:48:25.983" endtime="20201204 14:48:26.272"></status>
</kw>
<kw name="Então a página Horizontal Slider deve ser exibida">
<kw name="Verificar se estou na página Horizontal Slider" library="Resource">
<kw name="Page Should Contain" library="SeleniumLibrary">
<doc>Verifies that current page contains ``text``.</doc>
<arguments>
<arg>Horizontal Slider</arg>
</arguments>
<msg timestamp="20201204 14:48:26.294" level="INFO">Current page contains text 'Horizontal Slider'.</msg>
<status status="PASS" starttime="20201204 14:48:26.274" endtime="20201204 14:48:26.294"></status>
</kw>
<status status="PASS" starttime="20201204 14:48:26.274" endtime="20201204 14:48:26.295"></status>
</kw>
<status status="PASS" starttime="20201204 14:48:26.274" endtime="20201204 14:48:26.295"></status>
</kw>
<kw name="Quando eu mover o controle deslizante 8 vezes">
<kw name="Mover controle deslizante 8 vezes" library="Resource">
<kw name="Wait Until Element Is Visible" library="SeleniumLibrary">
<doc>Waits until the element ``locator`` is visible.</doc>
<arguments>
<arg>xpath://input[@type='range']</arg>
</arguments>
<status status="PASS" starttime="20201204 14:48:26.296" endtime="20201204 14:48:26.326"></status>
</kw>
<kw name="Drag And Drop By Offset" library="SeleniumLibrary">
<doc>Drags the element identified with ``locator`` by ``xoffset/yoffset``.</doc>
<arguments>
<arg>xpath://input[@type='range']</arg>
<arg>30</arg>
<arg>0</arg>
</arguments>
<status status="PASS" starttime="20201204 14:48:26.326" endtime="20201204 14:48:26.881"></status>
</kw>
<status status="PASS" starttime="20201204 14:48:26.296" endtime="20201204 14:48:26.882"></status>
</kw>
<status status="PASS" starttime="20201204 14:48:26.295" endtime="20201204 14:48:26.882"></status>
</kw>
<status status="PASS" starttime="20201204 14:48:20.245" endtime="20201204 14:48:26.882" critical="yes"></status>
</test>
<status status="PASS" starttime="20201204 14:48:19.998" endtime="20201204 14:48:26.884"></status>
</suite>
<statistics>
<total>
<stat pass="1" fail="0">Critical Tests</stat>
<stat pass="1" fail="0">All Tests</stat>
</total>
<tag>
</tag>
<suite>
<stat pass="1" fail="0" id="s1" name="horizontalSliderTest">horizontalSliderTest</stat>
</suite>
</statistics>
<errors>
</errors>
</robot>
